# JRE version: OpenJDK Runtime Environment Temurin-17.0.14+7 (17.0.14+7) (build 17.0.14+7)
# Java VM: OpenJDK 64-Bit Server VM Temurin-17.0.14+7 (17.0.14+7, mixed mode, tiered, compressed oops, compressed class ptrs, g1 gc, windows-amd64)
GC Precious Log:
 CPUs: 8 total, 8 available
 Memory: 7778M
 Large Page Support: Disabled
 NUMA Support: Disabled
 Compressed Oops: Enabled (32-bit)
 Heap Region Size: 1M
 Heap Min Capacity: 8M
 Heap Initial Capacity: 122M
 Heap Max Capacity: 2G
 Pre-touch: Disabled
 Parallel Workers: 8
 Concurrent Workers: 2
 Concurrent Refinement Workers: 8
 Periodic GC: Disabled
Heap:
 garbage-first heap   total 102400K, used 63124K [0x0000000080000000, 0x0000000100000000)
  region size 1024K, 30 young (30720K), 6 survivors (6144K)
 Metaspace       used 52717K, committed 53376K, reserved 1114112K
  class space    used 6340K, committed 6656K, reserved 1048576K
GC Heap History (20 events):
Event: 2.719 GC heap before
{Heap before GC invocations=3 (full 0):
 garbage-first heap   total 124928K, used 36312K [0x0000000080000000, 0x0000000100000000)
  region size 1024K, 22 young (22528K), 5 survivors (5120K)
 Metaspace       used 21307K, committed 21504K, reserved 1114112K
  class space    used 2211K, committed 2304K, reserved 1048576K
}
Event: 2.726 GC heap after
{Heap after GC invocations=4 (full 0):
 garbage-first heap   total 124928K, used 22458K [0x0000000080000000, 0x0000000100000000)
  region size 1024K, 5 young (5120K), 5 survivors (5120K)
 Metaspace       used 21307K, committed 21504K, reserved 1114112K
  class space    used 2211K, committed 2304K, reserved 1048576K
}
Event: 3.033 GC heap before
{Heap before GC invocations=5 (full 0):
 garbage-first heap   total 81920K, used 61370K [0x0000000080000000, 0x0000000100000000)
  region size 1024K, 44 young (45056K), 5 survivors (5120K)
 Metaspace       used 22141K, committed 22336K, reserved 1114112K
  class space    used 2322K, committed 2432K, reserved 1048576K
}
Event: 3.042 GC heap after
{Heap after GC invocations=6 (full 0):
 garbage-first heap   total 81920K, used 23029K [0x0000000080000000, 0x0000000100000000)
  region size 1024K, 2 young (2048K), 2 survivors (2048K)
 Metaspace       used 22141K, committed 22336K, reserved 1114112K
  class space    used 2322K, committed 2432K, reserved 1048576K
}
Event: 3.599 GC heap before
{Heap before GC invocations=6 (full 0):
 garbage-first heap   total 81920K, used 54773K [0x0000000080000000, 0x0000000100000000)
  region size 1024K, 33 young (33792K), 2 survivors (2048K)
 Metaspace       used 25461K, committed 25728K, reserved 1114112K
  class space    used 2670K, committed 2816K, reserved 1048576K
}
Event: 3.607 GC heap after
{Heap after GC invocations=7 (full 0):
 garbage-first heap   total 81920K, used 26062K [0x0000000080000000, 0x0000000100000000)
  region size 1024K, 5 young (5120K), 5 survivors (5120K)
 Metaspace       used 25461K, committed 25728K, reserved 1114112K
  class space    used 2670K, committed 2816K, reserved 1048576K
}
Event: 4.561 GC heap before
{Heap before GC invocations=7 (full 0):
 garbage-first heap   total 81920K, used 56782K [0x0000000080000000, 0x0000000100000000)
  region size 1024K, 35 young (35840K), 5 survivors (5120K)
 Metaspace       used 31741K, committed 32064K, reserved 1114112K
  class space    used 3465K, committed 3648K, reserved 1048576K
}
Event: 4.569 GC heap after
{Heap after GC invocations=8 (full 0):
 garbage-first heap   total 81920K, used 28096K [0x0000000080000000, 0x0000000100000000)
  region size 1024K, 3 young (3072K), 3 survivors (3072K)
 Metaspace       used 31741K, committed 32064K, reserved 1114112K
  class space    used 3465K, committed 3648K, reserved 1048576K
}
Event: 4.721 GC heap before
{Heap before GC invocations=8 (full 0):
 garbage-first heap   total 81920K, used 61888K [0x0000000080000000, 0x0000000100000000)
  region size 1024K, 33 young (33792K), 3 survivors (3072K)
 Metaspace       used 32891K, committed 33280K, reserved 1114112K
  class space    used 3540K, committed 3712K, reserved 1048576K
}
Event: 4.726 GC heap after
{Heap after GC invocations=9 (full 0):
 garbage-first heap   total 81920K, used 28066K [0x0000000080000000, 0x0000000100000000)
  region size 1024K, 3 young (3072K), 3 survivors (3072K)
 Metaspace       used 32891K, committed 33280K, reserved 1114112K
  class space    used 3540K, committed 3712K, reserved 1048576K
}
Event: 4.806 GC heap before
{Heap before GC invocations=9 (full 0):
 garbage-first heap   total 81920K, used 60834K [0x0000000080000000, 0x0000000100000000)
  region size 1024K, 35 young (35840K), 3 survivors (3072K)
 Metaspace       used 32952K, committed 33344K, reserved 1114112K
  class space    used 3546K, committed 3712K, reserved 1048576K
}
Event: 4.810 GC heap after
{Heap after GC invocations=10 (full 0):
 garbage-first heap   total 102400K, used 28038K [0x0000000080000000, 0x0000000100000000)
  region size 1024K, 3 young (3072K), 3 survivors (3072K)
 Metaspace       used 32952K, committed 33344K, reserved 1114112K
  class space    used 3546K, committed 3712K, reserved 1048576K
}
Event: 5.268 GC heap before
{Heap before GC invocations=10 (full 0):
 garbage-first heap   total 102400K, used 77190K [0x0000000080000000, 0x0000000100000000)
  region size 1024K, 51 young (52224K), 3 survivors (3072K)
 Metaspace       used 33669K, committed 34112K, reserved 1114112K
  class space    used 3625K, committed 3840K, reserved 1048576K
}
Event: 5.278 GC heap after
{Heap after GC invocations=11 (full 0):
 garbage-first heap   total 102400K, used 31163K [0x0000000080000000, 0x0000000100000000)
  region size 1024K, 6 young (6144K), 6 survivors (6144K)
 Metaspace       used 33669K, committed 34112K, reserved 1114112K
  class space    used 3625K, committed 3840K, reserved 1048576K
}
Event: 5.987 GC heap before
{Heap before GC invocations=11 (full 0):
 garbage-first heap   total 102400K, used 59835K [0x0000000080000000, 0x0000000100000000)
  region size 1024K, 35 young (35840K), 6 survivors (6144K)
 Metaspace       used 35539K, committed 35968K, reserved 1114112K
  class space    used 3870K, committed 4096K, reserved 1048576K
}
Event: 5.999 GC heap after
{Heap after GC invocations=12 (full 0):
 garbage-first heap   total 102400K, used 33273K [0x0000000080000000, 0x0000000100000000)
  region size 1024K, 6 young (6144K), 6 survivors (6144K)
 Metaspace       used 35539K, committed 35968K, reserved 1114112K
  class space    used 3870K, committed 4096K, reserved 1048576K
}
Event: 8.319 GC heap before
{Heap before GC invocations=13 (full 0):
 garbage-first heap   total 102400K, used 79353K [0x0000000080000000, 0x0000000100000000)
  region size 1024K, 51 young (52224K), 6 survivors (6144K)
 Metaspace       used 42429K, committed 42944K, reserved 1114112K
  class space    used 4800K, committed 5056K, reserved 1048576K
}
Event: 8.328 GC heap after
{Heap after GC invocations=14 (full 0):
 garbage-first heap   total 102400K, used 36132K [0x0000000080000000, 0x0000000100000000)
  region size 1024K, 5 young (5120K), 5 survivors (5120K)
 Metaspace       used 42429K, committed 42944K, reserved 1114112K
  class space    used 4800K, committed 5056K, reserved 1048576K
}
Event: 15.685 GC heap before
{Heap before GC invocations=14 (full 0):
 garbage-first heap   total 102400K, used 79140K [0x0000000080000000, 0x0000000100000000)
  region size 1024K, 48 young (49152K), 5 survivors (5120K)
 Metaspace       used 50620K, committed 51264K, reserved 1114112K
  class space    used 6038K, committed 6336K, reserved 1048576K
}
Event: 15.702 GC heap after
{Heap after GC invocations=15 (full 0):
 garbage-first heap   total 102400K, used 39572K [0x0000000080000000, 0x0000000100000000)
  region size 1024K, 6 young (6144K), 6 survivors (6144K)
 Metaspace       used 50620K, committed 51264K, reserved 1114112K
  class space    used 6038K, committed 6336K, reserved 1048576K
}

